19:50:39.930 [main] INFO c.a.n.c.u.ParamUtil - [<clinit>,87] - [settings] [req-serv] nacos-server port:8848
19:50:39.933 [main] INFO c.a.n.c.u.ParamUtil - [<clinit>,98] - [settings] [http-client] connect timeout:1000
19:50:39.936 [main] INFO c.a.n.c.u.ParamUtil - [<clinit>,105] - PER_TASK_CONFIG_SIZE: 3000.0
19:50:39.975 [main] INFO c.a.n.p.a.s.c.ClientAuthPluginManager - [init,56] - [ClientAuthPluginManager] Load ClientAuthService com.alibaba.nacos.client.auth.impl.NacosClientAuthServiceImpl success.
19:50:39.976 [main] INFO c.a.n.p.a.s.c.ClientAuthPluginManager - [init,56] - [ClientAuthPluginManager] Load ClientAuthService com.alibaba.nacos.client.auth.ram.RamClientAuthServiceImpl success.
19:50:39.988 [main] INFO c.a.n.c.a.r.i.CredentialWatcher - [loadCredential,165] - null No credential found
19:50:40.552 [main] INFO c.a.n.c.c.i.LocalConfigInfoProcessor - [<clinit>,63] - LOCAL_SNAPSHOT_PATH:C:\Users\1\nacos\config
19:50:40.556 [main] INFO c.a.n.c.r.client - [lambda$createClient$0,108] - [RpcClientFactory] create a new rpc client of 204f5d0c-1dc3-4227-8e7e-24d9199f2615_config-0
19:50:40.573 [main] INFO c.a.n.c.r.client - [printIfInfoEnabled,63] - [204f5d0c-1dc3-4227-8e7e-24d9199f2615_config-0] Register server push request handler:com.alibaba.nacos.client.config.impl.ClientWorker$ConfigRpcTransportClient$$Lambda$576/0x0000025ad5314068
19:50:40.574 [main] INFO c.a.n.c.r.client - [printIfInfoEnabled,63] - [204f5d0c-1dc3-4227-8e7e-24d9199f2615_config-0] Register server push request handler:com.alibaba.nacos.client.config.impl.ClientWorker$ConfigRpcTransportClient$$Lambda$577/0x0000025ad5314488
19:50:40.576 [main] INFO c.a.n.c.r.client - [printIfInfoEnabled,63] - [204f5d0c-1dc3-4227-8e7e-24d9199f2615_config-0] Registry connection listener to current client:com.alibaba.nacos.client.config.impl.ClientWorker$ConfigRpcTransportClient$1
19:50:40.576 [main] INFO c.a.n.c.r.client - [printIfInfoEnabled,63] - [204f5d0c-1dc3-4227-8e7e-24d9199f2615_config-0] RpcClient init, ServerListFactory = com.alibaba.nacos.client.config.impl.ClientWorker$ConfigRpcTransportClient$2
19:50:40.585 [main] INFO c.a.n.c.r.client - [printIfInfoEnabled,63] - [204f5d0c-1dc3-4227-8e7e-24d9199f2615_config-0] Try to connect to server on start up, server: {serverIp = 'localhost', server main port = 8848}
19:50:40.625 [main] INFO c.a.n.c.r.c.g.GrpcClient - [createNewManagedChannel,182] - grpc client connection server:localhost ip,serverPort:9848,grpcTslConfig:{"sslProvider":"OPENSSL","enableTls":false,"mutualAuthEnable":false,"trustAll":false}
19:50:41.989 [main] INFO c.a.n.c.r.client - [printIfInfoEnabled,63] - [204f5d0c-1dc3-4227-8e7e-24d9199f2615_config-0] Success to connect to server [localhost:8848] on start up, connectionId = 1729597839703_172.17.0.1_49156
19:50:41.990 [com.alibaba.nacos.client.remote.worker] INFO c.a.n.c.r.client - [printIfInfoEnabled,63] - [204f5d0c-1dc3-4227-8e7e-24d9199f2615_config-0] Notify connected event to listeners.
19:50:41.990 [com.alibaba.nacos.client.remote.worker] INFO c.a.n.c.c.i.ClientWorker - [onConnected,639] - [204f5d0c-1dc3-4227-8e7e-24d9199f2615_config-0] Connected,notify listen context...
19:50:41.990 [main] INFO c.a.n.c.r.client - [printIfInfoEnabled,63] - [204f5d0c-1dc3-4227-8e7e-24d9199f2615_config-0] Register server push request handler:com.alibaba.nacos.common.remote.client.RpcClient$ConnectResetRequestHandler
19:50:41.990 [main] INFO c.a.n.c.r.client - [printIfInfoEnabled,63] - [204f5d0c-1dc3-4227-8e7e-24d9199f2615_config-0] Register server push request handler:com.alibaba.nacos.common.remote.client.RpcClient$$Lambda$597/0x0000025ad549f520
19:50:42.037 [main] INFO c.a.n.c.c.i.Limiter - [<clinit>,62] - limitTime:5.0
19:50:42.224 [main] INFO c.a.n.c.c.u.JvmUtil - [<clinit>,54] - isMultiInstance:false
19:50:42.232 [main] INFO o.s.c.b.c.PropertySourceBootstrapConfiguration - [initialize,108] - Located property source: [BootstrapPropertySource {name='bootstrapProperties-oj-system-local.yaml,DEFAULT_GROUP'}, BootstrapPropertySource {name='bootstrapProperties-oj-system.yaml,DEFAULT_GROUP'}, BootstrapPropertySource {name='bootstrapProperties-oj-system,DEFAULT_GROUP'}]
19:50:42.239 [main] INFO c.y.s.OjSystemApplication - [logStartupProfileInfo,636] - The following 1 profile is active: "local"
19:50:43.629 [main] INFO o.s.c.c.s.GenericScope - [setSerializationId,282] - BeanFactory id=40411373-fd7e-3516-ac5f-ab1a37d8891f
19:50:44.025 [main] INFO o.s.b.w.e.t.TomcatWebServer - [initialize,108] - Tomcat initialized with port(s): 9201 (http)
19:50:44.035 [main] INFO o.a.c.h.Http11NioProtocol - [log,173] - Initializing ProtocolHandler ["http-nio-9201"]
19:50:44.036 [main] INFO o.a.c.c.StandardService - [log,173] - Starting service [Tomcat]
19:50:44.037 [main] INFO o.a.c.c.StandardEngine - [log,173] - Starting Servlet engine: [Apache Tomcat/10.1.4]
19:50:44.119 [main] INFO o.a.c.c.C.[.[.[/] - [log,173] - Initializing Spring embedded WebApplicationContext
19:50:44.119 [main] INFO o.s.b.w.s.c.ServletWebServerApplicationContext - [prepareWebApplicationContext,291] - Root WebApplicationContext: initialization completed in 1838 ms
19:50:46.588 [main] INFO o.a.c.h.Http11NioProtocol - [log,173] - Starting ProtocolHandler ["http-nio-9201"]
19:50:46.605 [main] INFO o.s.b.w.e.t.TomcatWebServer - [start,220] - Tomcat started on port(s): 9201 (http) with context path ''
19:50:46.609 [main] INFO c.a.n.client.naming - [initNamespaceForNaming,62] - initializer namespace from ans.namespace attribute : null
19:50:46.609 [main] INFO c.a.n.client.naming - [lambda$initNamespaceForNaming$0,66] - initializer namespace from ALIBABA_ALIWARE_NAMESPACE attribute :null
19:50:46.610 [main] INFO c.a.n.client.naming - [lambda$initNamespaceForNaming$1,73] - initializer namespace from namespace attribute :null
19:50:46.623 [main] INFO c.a.n.p.a.s.c.ClientAuthPluginManager - [init,56] - [ClientAuthPluginManager] Load ClientAuthService com.alibaba.nacos.client.auth.impl.NacosClientAuthServiceImpl success.
19:50:46.624 [main] INFO c.a.n.p.a.s.c.ClientAuthPluginManager - [init,56] - [ClientAuthPluginManager] Load ClientAuthService com.alibaba.nacos.client.auth.ram.RamClientAuthServiceImpl success.
19:50:46.629 [main] INFO c.a.n.c.r.client - [lambda$createClient$0,108] - [RpcClientFactory] create a new rpc client of 09c9c5b4-993a-4830-9a85-110b8ab4a542
19:50:46.631 [main] INFO c.a.n.c.r.client - [printIfInfoEnabled,63] - [09c9c5b4-993a-4830-9a85-110b8ab4a542] RpcClient init, ServerListFactory = com.alibaba.nacos.client.naming.core.ServerListManager
19:50:46.631 [main] INFO c.a.n.c.r.client - [printIfInfoEnabled,63] - [09c9c5b4-993a-4830-9a85-110b8ab4a542] Registry connection listener to current client:com.alibaba.nacos.client.naming.remote.gprc.redo.NamingGrpcRedoService
19:50:46.631 [main] INFO c.a.n.c.r.client - [printIfInfoEnabled,63] - [09c9c5b4-993a-4830-9a85-110b8ab4a542] Register server push request handler:com.alibaba.nacos.client.naming.remote.gprc.NamingPushRequestHandler
19:50:46.632 [main] INFO c.a.n.c.r.client - [printIfInfoEnabled,63] - [09c9c5b4-993a-4830-9a85-110b8ab4a542] Try to connect to server on start up, server: {serverIp = 'localhost', server main port = 8848}
19:50:46.632 [main] INFO c.a.n.c.r.c.g.GrpcClient - [createNewManagedChannel,182] - grpc client connection server:localhost ip,serverPort:9848,grpcTslConfig:{"sslProvider":"OPENSSL","enableTls":false,"mutualAuthEnable":false,"trustAll":false}
19:50:47.186 [main] INFO c.a.n.c.r.client - [printIfInfoEnabled,63] - [09c9c5b4-993a-4830-9a85-110b8ab4a542] Success to connect to server [localhost:8848] on start up, connectionId = 1729597845352_172.17.0.1_49158
19:50:47.187 [main] INFO c.a.n.c.r.client - [printIfInfoEnabled,63] - [09c9c5b4-993a-4830-9a85-110b8ab4a542] Register server push request handler:com.alibaba.nacos.common.remote.client.RpcClient$ConnectResetRequestHandler
19:50:47.187 [com.alibaba.nacos.client.remote.worker] INFO c.a.n.c.r.client - [printIfInfoEnabled,63] - [09c9c5b4-993a-4830-9a85-110b8ab4a542] Notify connected event to listeners.
19:50:47.187 [main] INFO c.a.n.c.r.client - [printIfInfoEnabled,63] - [09c9c5b4-993a-4830-9a85-110b8ab4a542] Register server push request handler:com.alibaba.nacos.common.remote.client.RpcClient$$Lambda$597/0x0000025ad549f520
19:50:47.187 [com.alibaba.nacos.client.remote.worker] INFO c.a.n.client.naming - [onConnected,78] - Grpc connection connect
19:50:47.208 [main] INFO c.a.n.client.naming - [registerService,121] - [REGISTER-SERVICE] 0438e0c4-1879-4d9b-bb0e-ed69a3dc2db1 registering service oj-system with instance Instance{instanceId='null', ip='10.81.184.180', port=9201, weight=1.0, healthy=true, enabled=true, ephemeral=true, clusterName='DEFAULT', serviceName='null', metadata={IPv6=null, preserved.register.source=SPRING_CLOUD}}
19:50:47.227 [main] INFO c.a.c.n.r.NacosServiceRegistry - [register,76] - nacos registry, DEFAULT_GROUP oj-system 10.81.184.180:9201 register finished
19:50:47.538 [main] INFO c.y.s.OjSystemApplication - [logStarted,57] - Started OjSystemApplication in 9.062 seconds (process running for 10.133)
19:50:47.542 [main] INFO c.a.n.c.c.i.CacheData - [<clinit>,67] - nacos.cache.data.init.snapshot = true 
19:50:47.543 [main] INFO c.a.n.c.c.i.ClientWorker - [addCacheDataIfAbsent,380] - [fixed-0438e0c4-1879-4d9b-bb0e-ed69a3dc2db1-localhost_8848] [subscribe] oj-system-local.yaml+DEFAULT_GROUP+0438e0c4-1879-4d9b-bb0e-ed69a3dc2db1
19:50:47.550 [main] INFO c.a.n.c.c.i.CacheData - [addListener,197] - [fixed-0438e0c4-1879-4d9b-bb0e-ed69a3dc2db1-localhost_8848] [add-listener] ok, tenant=0438e0c4-1879-4d9b-bb0e-ed69a3dc2db1, dataId=oj-system-local.yaml, group=DEFAULT_GROUP, cnt=1
19:50:47.550 [main] INFO c.a.c.n.r.NacosContextRefresher - [registerNacosListener,129] - [Nacos Config] Listening config: dataId=oj-system-local.yaml, group=DEFAULT_GROUP
19:50:47.550 [main] INFO c.a.n.c.c.i.ClientWorker - [addCacheDataIfAbsent,380] - [fixed-0438e0c4-1879-4d9b-bb0e-ed69a3dc2db1-localhost_8848] [subscribe] oj-system+DEFAULT_GROUP+0438e0c4-1879-4d9b-bb0e-ed69a3dc2db1
19:50:47.550 [main] INFO c.a.n.c.c.i.CacheData - [addListener,197] - [fixed-0438e0c4-1879-4d9b-bb0e-ed69a3dc2db1-localhost_8848] [add-listener] ok, tenant=0438e0c4-1879-4d9b-bb0e-ed69a3dc2db1, dataId=oj-system, group=DEFAULT_GROUP, cnt=1
19:50:47.550 [main] INFO c.a.c.n.r.NacosContextRefresher - [registerNacosListener,129] - [Nacos Config] Listening config: dataId=oj-system, group=DEFAULT_GROUP
19:50:47.552 [main] INFO c.a.n.c.c.i.ClientWorker - [addCacheDataIfAbsent,380] - [fixed-0438e0c4-1879-4d9b-bb0e-ed69a3dc2db1-localhost_8848] [subscribe] oj-system.yaml+DEFAULT_GROUP+0438e0c4-1879-4d9b-bb0e-ed69a3dc2db1
19:50:47.552 [main] INFO c.a.n.c.c.i.CacheData - [addListener,197] - [fixed-0438e0c4-1879-4d9b-bb0e-ed69a3dc2db1-localhost_8848] [add-listener] ok, tenant=0438e0c4-1879-4d9b-bb0e-ed69a3dc2db1, dataId=oj-system.yaml, group=DEFAULT_GROUP, cnt=1
19:50:47.552 [main] INFO c.a.c.n.r.NacosContextRefresher - [registerNacosListener,129] - [Nacos Config] Listening config: dataId=oj-system.yaml, group=DEFAULT_GROUP
20:23:59.499 [SpringApplicationShutdownHook] INFO c.a.c.n.r.NacosServiceRegistry - [deregister,95] - De-registering from Nacos Server now...
20:23:59.500 [SpringApplicationShutdownHook] INFO c.a.n.client.naming - [deregisterService,217] - [DEREGISTER-SERVICE] 0438e0c4-1879-4d9b-bb0e-ed69a3dc2db1 deregistering service oj-system with instance: Instance{instanceId='null', ip='10.81.184.180', port=9201, weight=1.0, healthy=true, enabled=true, ephemeral=true, clusterName='DEFAULT', serviceName='null', metadata={}}
20:23:59.906 [SpringApplicationShutdownHook] INFO c.a.c.n.r.NacosServiceRegistry - [deregister,115] - De-registration finished.
20:23:59.907 [SpringApplicationShutdownHook] INFO c.a.n.client.naming - [shutdown,256] - com.alibaba.nacos.client.naming.cache.ServiceInfoHolder do shutdown begin
20:23:59.907 [SpringApplicationShutdownHook] INFO c.a.n.client.naming - [shutdown,136] - com.alibaba.nacos.client.naming.backups.FailoverReactor do shutdown begin
20:23:59.907 [SpringApplicationShutdownHook] INFO c.a.n.client.naming - [shutdown,138] - com.alibaba.nacos.client.naming.backups.FailoverReactor do shutdown stop
20:23:59.907 [SpringApplicationShutdownHook] INFO c.a.n.client.naming - [shutdown,258] - com.alibaba.nacos.client.naming.cache.ServiceInfoHolder do shutdown stop
20:23:59.908 [SpringApplicationShutdownHook] INFO c.a.n.client.naming - [shutdown,204] - com.alibaba.nacos.client.naming.remote.NamingClientProxyDelegate do shutdown begin
20:23:59.908 [SpringApplicationShutdownHook] INFO c.a.n.client.naming - [shutdown,143] - com.alibaba.nacos.client.naming.core.ServiceInfoUpdateService do shutdown begin
20:23:59.908 [SpringApplicationShutdownHook] INFO c.a.n.client.naming - [shutdown,145] - com.alibaba.nacos.client.naming.core.ServiceInfoUpdateService do shutdown stop
20:23:59.908 [SpringApplicationShutdownHook] INFO c.a.n.client.naming - [shutdown,194] - com.alibaba.nacos.client.naming.core.ServerListManager do shutdown begin
20:23:59.909 [SpringApplicationShutdownHook] INFO c.a.n.client.naming - [shutdown,199] - com.alibaba.nacos.client.naming.core.ServerListManager do shutdown stop
20:23:59.909 [SpringApplicationShutdownHook] INFO c.a.n.client.naming - [shutdown,484] - com.alibaba.nacos.client.naming.remote.http.NamingHttpClientProxy do shutdown begin
20:23:59.909 [SpringApplicationShutdownHook] INFO c.a.n.client.naming - [shutdown,486] - com.alibaba.nacos.client.naming.remote.http.NamingHttpClientProxy do shutdown stop
20:23:59.910 [SpringApplicationShutdownHook] INFO c.a.n.c.r.client - [shutdown,429] - Shutdown rpc client, set status to shutdown
20:23:59.910 [SpringApplicationShutdownHook] INFO c.a.n.c.r.client - [shutdown,431] - Shutdown client event executor java.util.concurrent.ScheduledThreadPoolExecutor@4fae1410[Running, pool size = 2, active threads = 2, queued tasks = 0, completed tasks = 0]
20:23:59.910 [SpringApplicationShutdownHook] INFO c.a.n.c.r.client - [closeConnection,584] - Close current connection 1729597845352_172.17.0.1_49158
20:23:59.913 [nacos-grpc-client-executor-localhost-421] INFO c.a.n.c.r.c.g.GrpcClient - [printIfInfoEnabled,63] - [1729597845352_172.17.0.1_49158]Ignore complete event,isRunning:false,isAbandon=false
20:23:59.916 [SpringApplicationShutdownHook] INFO c.a.n.c.r.c.g.GrpcClient - [shutdown,159] - Shutdown grpc executor java.util.concurrent.ThreadPoolExecutor@255810d2[Running, pool size = 4, active threads = 0, queued tasks = 0, completed tasks = 422]
20:23:59.917 [SpringApplicationShutdownHook] INFO c.a.n.client.naming - [shutdown,318] - Shutdown grpc redo service executor java.util.concurrent.ScheduledThreadPoolExecutor@1c748141[Running, pool size = 1, active threads = 0, queued tasks = 1, completed tasks = 662]
20:23:59.917 [SpringApplicationShutdownHook] INFO c.a.n.c.a.r.i.CredentialWatcher - [stop,106] - [null] CredentialWatcher is stopped
20:23:59.917 [SpringApplicationShutdownHook] INFO c.a.n.c.a.r.i.CredentialService - [free,100] - [null] CredentialService is freed
20:23:59.918 [SpringApplicationShutdownHook] INFO c.a.n.client.naming - [shutdown,211] - com.alibaba.nacos.client.naming.remote.NamingClientProxyDelegate do shutdown stop
